Terminals unused in grammar

   END
   FUNCTION


État 20 conflits: 1 décalage/réduction
État 31 conflits: 1 décalage/réduction
État 51 conflits: 2 décalage/réduction


Grammaire

    0 $accept: input $end

    1 input: scriptMFile

    2 scriptMFile: opt_delimiter
    3            | opt_delimiter statement_list

    4 opt_delimiter: /* vide */
    5              | delimiter

    6 delimiter: null_line
    7          | empty_lines
    8          | null_lines empty_lines

    9 null_lines: null_line
   10           | null_lines null_line

   11 null_line: ','
   12          | ';'
   13          | empty_lines ','
   14          | empty_lines ';'

   15 empty_lines: NEWLINE
   16            | empty_lines NEWLINE

   17 statement_list: statement opt_delimiter
   18               | statement delimiter statement_list

   19 statement: expr
   20          | assignement

   21 expr: expr '+' expr
   22     | expr '-' expr
   23     | expr '*' expr
   24     | expr TIMES expr
   25     | expr '/' expr
   26     | expr DIVIDE expr
   27     | expr '^' expr
   28     | expr POWER expr
   29     | '(' expr ')'
   30     | '-' expr
   31     | colon_expr
   32     | colon_expr1
   33     | matrix
   34     | NBRE
   35     | ID
   36     | ID '(' ref_expr_list ')'

   37 colon_expr: expr ':' expr

   38 colon_expr1: colon_expr ':' expr

   39 ref_index: ':'
   40          | expr

   41 ref_expr_list: /* vide */
   42              | ref_index comma_ref_list

   43 comma_ref_list: /* vide */
   44               | ref_index ',' comma_ref_list

   45 matrix: '[' rows ']'

   46 rows: /* vide */
   47     | row
   48     | rows ';'
   49     | rows ';' row
   50     | rows NEWLINE
   51     | rows NEWLINE row

   52 row: expr
   53    | row_with_commas
   54    | row_with_commas expr

   55 row_with_commas: expr ','
   56                | row_with_commas expr ','

   57 assignement: ID '=' expr


Terminaux, suivis des règles où ils apparaissent

$end (0) 0
'(' (40) 29 36
')' (41) 29 36
'*' (42) 23
'+' (43) 21
',' (44) 11 13 44 55 56
'-' (45) 22 30
'/' (47) 25
':' (58) 37 38 39
';' (59) 12 14 48 49
'=' (61) 57
'[' (91) 45
']' (93) 45
'^' (94) 27
error (256)
END (258)
FUNCTION (259)
NBRE (260) 34
ID (261) 35 36 57
NEWLINE (262) 15 16 50 51
TIMES (263) 24
DIVIDE (264) 26
POWER (265) 28
MOINSUNAIRE (266)


Non-terminaux, suivis des règles où ils apparaissent

$accept (25)
    à gauche: 0
input (26)
    à gauche: 1, à droite: 0
scriptMFile (27)
    à gauche: 2 3, à droite: 1
opt_delimiter (28)
    à gauche: 4 5, à droite: 2 3 17
delimiter (29)
    à gauche: 6 7 8, à droite: 5 18
null_lines (30)
    à gauche: 9 10, à droite: 8 10
null_line (31)
    à gauche: 11 12 13 14, à droite: 6 9 10
empty_lines (32)
    à gauche: 15 16, à droite: 7 8 13 14 16
statement_list (33)
    à gauche: 17 18, à droite: 3 18
statement (34)
    à gauche: 19 20, à droite: 17 18
expr (35)
    à gauche: 21 22 23 24 25 26 27 28 29 30 31 32 33 34 35 36, à droite:
    19 21 22 23 24 25 26 27 28 29 30 37 38 40 52 54 55 56 57
colon_expr (36)
    à gauche: 37, à droite: 31 38
colon_expr1 (37)
    à gauche: 38, à droite: 32
ref_index (38)
    à gauche: 39 40, à droite: 42 44
ref_expr_list (39)
    à gauche: 41 42, à droite: 36
comma_ref_list (40)
    à gauche: 43 44, à droite: 42 44
matrix (41)
    à gauche: 45, à droite: 33
rows (42)
    à gauche: 46 47 48 49 50 51, à droite: 45 48 49 50 51
row (43)
    à gauche: 52 53 54, à droite: 47 49 51
row_with_commas (44)
    à gauche: 55 56, à droite: 53 54 56
assignement (45)
    à gauche: 57, à droite: 20


état 0

    0 $accept: . input $end

    NEWLINE  décalage et aller à l'état 1
    ','      décalage et aller à l'état 2
    ';'      décalage et aller à l'état 3

    $défaut  réduction par utilisation de la règle 4 (opt_delimiter)

    input          aller à l'état 4
    scriptMFile    aller à l'état 5
    opt_delimiter  aller à l'état 6
    delimiter      aller à l'état 7
    null_lines     aller à l'état 8
    null_line      aller à l'état 9
    empty_lines    aller à l'état 10


état 1

   15 empty_lines: NEWLINE .

    $défaut  réduction par utilisation de la règle 15 (empty_lines)


état 2

   11 null_line: ',' .

    $défaut  réduction par utilisation de la règle 11 (null_line)


état 3

   12 null_line: ';' .

    $défaut  réduction par utilisation de la règle 12 (null_line)


état 4

    0 $accept: input . $end

    $end  décalage et aller à l'état 11


état 5

    1 input: scriptMFile .

    $défaut  réduction par utilisation de la règle 1 (input)


état 6

    2 scriptMFile: opt_delimiter .
    3            | opt_delimiter . statement_list

    NBRE  décalage et aller à l'état 12
    ID    décalage et aller à l'état 13
    '-'   décalage et aller à l'état 14
    '('   décalage et aller à l'état 15
    '['   décalage et aller à l'état 16

    $défaut  réduction par utilisation de la règle 2 (scriptMFile)

    statement_list  aller à l'état 17
    statement       aller à l'état 18
    expr            aller à l'état 19
    colon_expr      aller à l'état 20
    colon_expr1     aller à l'état 21
    matrix          aller à l'état 22
    assignement     aller à l'état 23


état 7

    5 opt_delimiter: delimiter .

    $défaut  réduction par utilisation de la règle 5 (opt_delimiter)


état 8

    8 delimiter: null_lines . empty_lines
   10 null_lines: null_lines . null_line

    NEWLINE  décalage et aller à l'état 1
    ','      décalage et aller à l'état 2
    ';'      décalage et aller à l'état 3

    null_line    aller à l'état 24
    empty_lines  aller à l'état 25


état 9

    6 delimiter: null_line .
    9 null_lines: null_line .

    NEWLINE   réduction par utilisation de la règle 9 (null_lines)
    ','       réduction par utilisation de la règle 9 (null_lines)
    ';'       réduction par utilisation de la règle 9 (null_lines)
    $défaut  réduction par utilisation de la règle 6 (delimiter)


état 10

    7 delimiter: empty_lines .
   13 null_line: empty_lines . ','
   14          | empty_lines . ';'
   16 empty_lines: empty_lines . NEWLINE

    NEWLINE  décalage et aller à l'état 26
    ','      décalage et aller à l'état 27
    ';'      décalage et aller à l'état 28

    $défaut  réduction par utilisation de la règle 7 (delimiter)


état 11

    0 $accept: input $end .

    $défaut  accepter


état 12

   34 expr: NBRE .

    $défaut  réduction par utilisation de la règle 34 (expr)


état 13

   35 expr: ID .
   36     | ID . '(' ref_expr_list ')'
   57 assignement: ID . '=' expr

    '('  décalage et aller à l'état 29
    '='  décalage et aller à l'état 30

    $défaut  réduction par utilisation de la règle 35 (expr)


état 14

   30 expr: '-' . expr

    NBRE  décalage et aller à l'état 12
    ID    décalage et aller à l'état 31
    '-'   décalage et aller à l'état 14
    '('   décalage et aller à l'état 15
    '['   décalage et aller à l'état 16

    expr         aller à l'état 32
    colon_expr   aller à l'état 20
    colon_expr1  aller à l'état 21
    matrix       aller à l'état 22


état 15

   29 expr: '(' . expr ')'

    NBRE  décalage et aller à l'état 12
    ID    décalage et aller à l'état 31
    '-'   décalage et aller à l'état 14
    '('   décalage et aller à l'état 15
    '['   décalage et aller à l'état 16

    expr         aller à l'état 33
    colon_expr   aller à l'état 20
    colon_expr1  aller à l'état 21
    matrix       aller à l'état 22


état 16

   45 matrix: '[' . rows ']'

    NBRE  décalage et aller à l'état 12
    ID    décalage et aller à l'état 31
    '-'   décalage et aller à l'état 14
    '('   décalage et aller à l'état 15
    '['   décalage et aller à l'état 16

    $défaut  réduction par utilisation de la règle 46 (rows)

    expr             aller à l'état 34
    colon_expr       aller à l'état 20
    colon_expr1      aller à l'état 21
    matrix           aller à l'état 22
    rows             aller à l'état 35
    row              aller à l'état 36
    row_with_commas  aller à l'état 37


état 17

    3 scriptMFile: opt_delimiter statement_list .

    $défaut  réduction par utilisation de la règle 3 (scriptMFile)


état 18

   17 statement_list: statement . opt_delimiter
   18               | statement . delimiter statement_list

    NEWLINE  décalage et aller à l'état 1
    ','      décalage et aller à l'état 2
    ';'      décalage et aller à l'état 3

    $défaut  réduction par utilisation de la règle 4 (opt_delimiter)

    opt_delimiter  aller à l'état 38
    delimiter      aller à l'état 39
    null_lines     aller à l'état 8
    null_line      aller à l'état 9
    empty_lines    aller à l'état 10


état 19

   19 statement: expr .
   21 expr: expr . '+' expr
   22     | expr . '-' expr
   23     | expr . '*' expr
   24     | expr . TIMES expr
   25     | expr . '/' expr
   26     | expr . DIVIDE expr
   27     | expr . '^' expr
   28     | expr . POWER expr
   37 colon_expr: expr . ':' expr

    TIMES   décalage et aller à l'état 40
    DIVIDE  décalage et aller à l'état 41
    POWER   décalage et aller à l'état 42
    ':'     décalage et aller à l'état 43
    '+'     décalage et aller à l'état 44
    '-'     décalage et aller à l'état 45
    '*'     décalage et aller à l'état 46
    '/'     décalage et aller à l'état 47
    '^'     décalage et aller à l'état 48

    $défaut  réduction par utilisation de la règle 19 (statement)


état 20

   31 expr: colon_expr .
   38 colon_expr1: colon_expr . ':' expr

    ':'  décalage et aller à l'état 49

    ':'       [réduction par utilisation de la règle 31 (expr)]
    $défaut  réduction par utilisation de la règle 31 (expr)


état 21

   32 expr: colon_expr1 .

    $défaut  réduction par utilisation de la règle 32 (expr)


état 22

   33 expr: matrix .

    $défaut  réduction par utilisation de la règle 33 (expr)


état 23

   20 statement: assignement .

    $défaut  réduction par utilisation de la règle 20 (statement)


état 24

   10 null_lines: null_lines null_line .

    $défaut  réduction par utilisation de la règle 10 (null_lines)


état 25

    8 delimiter: null_lines empty_lines .
   13 null_line: empty_lines . ','
   14          | empty_lines . ';'
   16 empty_lines: empty_lines . NEWLINE

    NEWLINE  décalage et aller à l'état 26
    ','      décalage et aller à l'état 27
    ';'      décalage et aller à l'état 28

    $défaut  réduction par utilisation de la règle 8 (delimiter)


état 26

   16 empty_lines: empty_lines NEWLINE .

    $défaut  réduction par utilisation de la règle 16 (empty_lines)


état 27

   13 null_line: empty_lines ',' .

    $défaut  réduction par utilisation de la règle 13 (null_line)


état 28

   14 null_line: empty_lines ';' .

    $défaut  réduction par utilisation de la règle 14 (null_line)


état 29

   36 expr: ID '(' . ref_expr_list ')'

    NBRE  décalage et aller à l'état 12
    ID    décalage et aller à l'état 31
    ':'   décalage et aller à l'état 50
    '-'   décalage et aller à l'état 14
    '('   décalage et aller à l'état 15
    '['   décalage et aller à l'état 16

    $défaut  réduction par utilisation de la règle 41 (ref_expr_list)

    expr           aller à l'état 51
    colon_expr     aller à l'état 20
    colon_expr1    aller à l'état 21
    ref_index      aller à l'état 52
    ref_expr_list  aller à l'état 53
    matrix         aller à l'état 22


état 30

   57 assignement: ID '=' . expr

    NBRE  décalage et aller à l'état 12
    ID    décalage et aller à l'état 31
    '-'   décalage et aller à l'état 14
    '('   décalage et aller à l'état 15
    '['   décalage et aller à l'état 16

    expr         aller à l'état 54
    colon_expr   aller à l'état 20
    colon_expr1  aller à l'état 21
    matrix       aller à l'état 22


état 31

   35 expr: ID .
   36     | ID . '(' ref_expr_list ')'

    '('  décalage et aller à l'état 29

    '('       [réduction par utilisation de la règle 35 (expr)]
    $défaut  réduction par utilisation de la règle 35 (expr)


état 32

   21 expr: expr . '+' expr
   22     | expr . '-' expr
   23     | expr . '*' expr
   24     | expr . TIMES expr
   25     | expr . '/' expr
   26     | expr . DIVIDE expr
   27     | expr . '^' expr
   28     | expr . POWER expr
   30     | '-' expr .
   37 colon_expr: expr . ':' expr

    POWER  décalage et aller à l'état 42
    '^'    décalage et aller à l'état 48

    $défaut  réduction par utilisation de la règle 30 (expr)


état 33

   21 expr: expr . '+' expr
   22     | expr . '-' expr
   23     | expr . '*' expr
   24     | expr . TIMES expr
   25     | expr . '/' expr
   26     | expr . DIVIDE expr
   27     | expr . '^' expr
   28     | expr . POWER expr
   29     | '(' expr . ')'
   37 colon_expr: expr . ':' expr

    TIMES   décalage et aller à l'état 40
    DIVIDE  décalage et aller à l'état 41
    POWER   décalage et aller à l'état 42
    ':'     décalage et aller à l'état 43
    '+'     décalage et aller à l'état 44
    '-'     décalage et aller à l'état 45
    '*'     décalage et aller à l'état 46
    '/'     décalage et aller à l'état 47
    '^'     décalage et aller à l'état 48
    ')'     décalage et aller à l'état 55


état 34

   21 expr: expr . '+' expr
   22     | expr . '-' expr
   23     | expr . '*' expr
   24     | expr . TIMES expr
   25     | expr . '/' expr
   26     | expr . DIVIDE expr
   27     | expr . '^' expr
   28     | expr . POWER expr
   37 colon_expr: expr . ':' expr
   52 row: expr .
   55 row_with_commas: expr . ','

    TIMES   décalage et aller à l'état 40
    DIVIDE  décalage et aller à l'état 41
    POWER   décalage et aller à l'état 42
    ':'     décalage et aller à l'état 43
    '+'     décalage et aller à l'état 44
    '-'     décalage et aller à l'état 45
    '*'     décalage et aller à l'état 46
    '/'     décalage et aller à l'état 47
    '^'     décalage et aller à l'état 48
    ','     décalage et aller à l'état 56

    $défaut  réduction par utilisation de la règle 52 (row)


état 35

   45 matrix: '[' rows . ']'
   48 rows: rows . ';'
   49     | rows . ';' row
   50     | rows . NEWLINE
   51     | rows . NEWLINE row

    NEWLINE  décalage et aller à l'état 57
    ';'      décalage et aller à l'état 58
    ']'      décalage et aller à l'état 59


état 36

   47 rows: row .

    $défaut  réduction par utilisation de la règle 47 (rows)


état 37

   53 row: row_with_commas .
   54    | row_with_commas . expr
   56 row_with_commas: row_with_commas . expr ','

    NBRE  décalage et aller à l'état 12
    ID    décalage et aller à l'état 31
    '-'   décalage et aller à l'état 14
    '('   décalage et aller à l'état 15
    '['   décalage et aller à l'état 16

    $défaut  réduction par utilisation de la règle 53 (row)

    expr         aller à l'état 60
    colon_expr   aller à l'état 20
    colon_expr1  aller à l'état 21
    matrix       aller à l'état 22


état 38

   17 statement_list: statement opt_delimiter .

    $défaut  réduction par utilisation de la règle 17 (statement_list)


état 39

    5 opt_delimiter: delimiter .
   18 statement_list: statement delimiter . statement_list

    NBRE  décalage et aller à l'état 12
    ID    décalage et aller à l'état 13
    '-'   décalage et aller à l'état 14
    '('   décalage et aller à l'état 15
    '['   décalage et aller à l'état 16

    $défaut  réduction par utilisation de la règle 5 (opt_delimiter)

    statement_list  aller à l'état 61
    statement       aller à l'état 18
    expr            aller à l'état 19
    colon_expr      aller à l'état 20
    colon_expr1     aller à l'état 21
    matrix          aller à l'état 22
    assignement     aller à l'état 23


état 40

   24 expr: expr TIMES . expr

    NBRE  décalage et aller à l'état 12
    ID    décalage et aller à l'état 31
    '-'   décalage et aller à l'état 14
    '('   décalage et aller à l'état 15
    '['   décalage et aller à l'état 16

    expr         aller à l'état 62
    colon_expr   aller à l'état 20
    colon_expr1  aller à l'état 21
    matrix       aller à l'état 22


état 41

   26 expr: expr DIVIDE . expr

    NBRE  décalage et aller à l'état 12
    ID    décalage et aller à l'état 31
    '-'   décalage et aller à l'état 14
    '('   décalage et aller à l'état 15
    '['   décalage et aller à l'état 16

    expr         aller à l'état 63
    colon_expr   aller à l'état 20
    colon_expr1  aller à l'état 21
    matrix       aller à l'état 22


état 42

   28 expr: expr POWER . expr

    NBRE  décalage et aller à l'état 12
    ID    décalage et aller à l'état 31
    '-'   décalage et aller à l'état 14
    '('   décalage et aller à l'état 15
    '['   décalage et aller à l'état 16

    expr         aller à l'état 64
    colon_expr   aller à l'état 20
    colon_expr1  aller à l'état 21
    matrix       aller à l'état 22


état 43

   37 colon_expr: expr ':' . expr

    NBRE  décalage et aller à l'état 12
    ID    décalage et aller à l'état 31
    '-'   décalage et aller à l'état 14
    '('   décalage et aller à l'état 15
    '['   décalage et aller à l'état 16

    expr         aller à l'état 65
    colon_expr   aller à l'état 20
    colon_expr1  aller à l'état 21
    matrix       aller à l'état 22


état 44

   21 expr: expr '+' . expr

    NBRE  décalage et aller à l'état 12
    ID    décalage et aller à l'état 31
    '-'   décalage et aller à l'état 14
    '('   décalage et aller à l'état 15
    '['   décalage et aller à l'état 16

    expr         aller à l'état 66
    colon_expr   aller à l'état 20
    colon_expr1  aller à l'état 21
    matrix       aller à l'état 22


état 45

   22 expr: expr '-' . expr

    NBRE  décalage et aller à l'état 12
    ID    décalage et aller à l'état 31
    '-'   décalage et aller à l'état 14
    '('   décalage et aller à l'état 15
    '['   décalage et aller à l'état 16

    expr         aller à l'état 67
    colon_expr   aller à l'état 20
    colon_expr1  aller à l'état 21
    matrix       aller à l'état 22


état 46

   23 expr: expr '*' . expr

    NBRE  décalage et aller à l'état 12
    ID    décalage et aller à l'état 31
    '-'   décalage et aller à l'état 14
    '('   décalage et aller à l'état 15
    '['   décalage et aller à l'état 16

    expr         aller à l'état 68
    colon_expr   aller à l'état 20
    colon_expr1  aller à l'état 21
    matrix       aller à l'état 22


état 47

   25 expr: expr '/' . expr

    NBRE  décalage et aller à l'état 12
    ID    décalage et aller à l'état 31
    '-'   décalage et aller à l'état 14
    '('   décalage et aller à l'état 15
    '['   décalage et aller à l'état 16

    expr         aller à l'état 69
    colon_expr   aller à l'état 20
    colon_expr1  aller à l'état 21
    matrix       aller à l'état 22


état 48

   27 expr: expr '^' . expr

    NBRE  décalage et aller à l'état 12
    ID    décalage et aller à l'état 31
    '-'   décalage et aller à l'état 14
    '('   décalage et aller à l'état 15
    '['   décalage et aller à l'état 16

    expr         aller à l'état 70
    colon_expr   aller à l'état 20
    colon_expr1  aller à l'état 21
    matrix       aller à l'état 22


état 49

   38 colon_expr1: colon_expr ':' . expr

    NBRE  décalage et aller à l'état 12
    ID    décalage et aller à l'état 31
    '-'   décalage et aller à l'état 14
    '('   décalage et aller à l'état 15
    '['   décalage et aller à l'état 16

    expr         aller à l'état 71
    colon_expr   aller à l'état 20
    colon_expr1  aller à l'état 21
    matrix       aller à l'état 22


état 50

   39 ref_index: ':' .

    $défaut  réduction par utilisation de la règle 39 (ref_index)


état 51

   21 expr: expr . '+' expr
   22     | expr . '-' expr
   23     | expr . '*' expr
   24     | expr . TIMES expr
   25     | expr . '/' expr
   26     | expr . DIVIDE expr
   27     | expr . '^' expr
   28     | expr . POWER expr
   37 colon_expr: expr . ':' expr
   40 ref_index: expr .

    TIMES   décalage et aller à l'état 40
    DIVIDE  décalage et aller à l'état 41
    POWER   décalage et aller à l'état 42
    ':'     décalage et aller à l'état 43
    '+'     décalage et aller à l'état 44
    '-'     décalage et aller à l'état 45
    '*'     décalage et aller à l'état 46
    '/'     décalage et aller à l'état 47
    '^'     décalage et aller à l'état 48

    ':'       [réduction par utilisation de la règle 40 (ref_index)]
    '-'       [réduction par utilisation de la règle 40 (ref_index)]
    $défaut  réduction par utilisation de la règle 40 (ref_index)


état 52

   42 ref_expr_list: ref_index . comma_ref_list

    NBRE  décalage et aller à l'état 12
    ID    décalage et aller à l'état 31
    ':'   décalage et aller à l'état 50
    '-'   décalage et aller à l'état 14
    '('   décalage et aller à l'état 15
    '['   décalage et aller à l'état 16

    $défaut  réduction par utilisation de la règle 43 (comma_ref_list)

    expr            aller à l'état 51
    colon_expr      aller à l'état 20
    colon_expr1     aller à l'état 21
    ref_index       aller à l'état 72
    comma_ref_list  aller à l'état 73
    matrix          aller à l'état 22


état 53

   36 expr: ID '(' ref_expr_list . ')'

    ')'  décalage et aller à l'état 74


état 54

   21 expr: expr . '+' expr
   22     | expr . '-' expr
   23     | expr . '*' expr
   24     | expr . TIMES expr
   25     | expr . '/' expr
   26     | expr . DIVIDE expr
   27     | expr . '^' expr
   28     | expr . POWER expr
   37 colon_expr: expr . ':' expr
   57 assignement: ID '=' expr .

    TIMES   décalage et aller à l'état 40
    DIVIDE  décalage et aller à l'état 41
    POWER   décalage et aller à l'état 42
    ':'     décalage et aller à l'état 43
    '+'     décalage et aller à l'état 44
    '-'     décalage et aller à l'état 45
    '*'     décalage et aller à l'état 46
    '/'     décalage et aller à l'état 47
    '^'     décalage et aller à l'état 48

    $défaut  réduction par utilisation de la règle 57 (assignement)


état 55

   29 expr: '(' expr ')' .

    $défaut  réduction par utilisation de la règle 29 (expr)


état 56

   55 row_with_commas: expr ',' .

    $défaut  réduction par utilisation de la règle 55 (row_with_commas)


état 57

   50 rows: rows NEWLINE .
   51     | rows NEWLINE . row

    NBRE  décalage et aller à l'état 12
    ID    décalage et aller à l'état 31
    '-'   décalage et aller à l'état 14
    '('   décalage et aller à l'état 15
    '['   décalage et aller à l'état 16

    $défaut  réduction par utilisation de la règle 50 (rows)

    expr             aller à l'état 34
    colon_expr       aller à l'état 20
    colon_expr1      aller à l'état 21
    matrix           aller à l'état 22
    row              aller à l'état 75
    row_with_commas  aller à l'état 37


état 58

   48 rows: rows ';' .
   49     | rows ';' . row

    NBRE  décalage et aller à l'état 12
    ID    décalage et aller à l'état 31
    '-'   décalage et aller à l'état 14
    '('   décalage et aller à l'état 15
    '['   décalage et aller à l'état 16

    $défaut  réduction par utilisation de la règle 48 (rows)

    expr             aller à l'état 34
    colon_expr       aller à l'état 20
    colon_expr1      aller à l'état 21
    matrix           aller à l'état 22
    row              aller à l'état 76
    row_with_commas  aller à l'état 37


état 59

   45 matrix: '[' rows ']' .

    $défaut  réduction par utilisation de la règle 45 (matrix)


état 60

   21 expr: expr . '+' expr
   22     | expr . '-' expr
   23     | expr . '*' expr
   24     | expr . TIMES expr
   25     | expr . '/' expr
   26     | expr . DIVIDE expr
   27     | expr . '^' expr
   28     | expr . POWER expr
   37 colon_expr: expr . ':' expr
   54 row: row_with_commas expr .
   56 row_with_commas: row_with_commas expr . ','

    TIMES   décalage et aller à l'état 40
    DIVIDE  décalage et aller à l'état 41
    POWER   décalage et aller à l'état 42
    ':'     décalage et aller à l'état 43
    '+'     décalage et aller à l'état 44
    '-'     décalage et aller à l'état 45
    '*'     décalage et aller à l'état 46
    '/'     décalage et aller à l'état 47
    '^'     décalage et aller à l'état 48
    ','     décalage et aller à l'état 77

    $défaut  réduction par utilisation de la règle 54 (row)


état 61

   18 statement_list: statement delimiter statement_list .

    $défaut  réduction par utilisation de la règle 18 (statement_list)


état 62

   21 expr: expr . '+' expr
   22     | expr . '-' expr
   23     | expr . '*' expr
   24     | expr . TIMES expr
   24     | expr TIMES expr .
   25     | expr . '/' expr
   26     | expr . DIVIDE expr
   27     | expr . '^' expr
   28     | expr . POWER expr
   37 colon_expr: expr . ':' expr

    POWER  décalage et aller à l'état 42
    '^'    décalage et aller à l'état 48

    $défaut  réduction par utilisation de la règle 24 (expr)


état 63

   21 expr: expr . '+' expr
   22     | expr . '-' expr
   23     | expr . '*' expr
   24     | expr . TIMES expr
   25     | expr . '/' expr
   26     | expr . DIVIDE expr
   26     | expr DIVIDE expr .
   27     | expr . '^' expr
   28     | expr . POWER expr
   37 colon_expr: expr . ':' expr

    POWER  décalage et aller à l'état 42
    '^'    décalage et aller à l'état 48

    $défaut  réduction par utilisation de la règle 26 (expr)


état 64

   21 expr: expr . '+' expr
   22     | expr . '-' expr
   23     | expr . '*' expr
   24     | expr . TIMES expr
   25     | expr . '/' expr
   26     | expr . DIVIDE expr
   27     | expr . '^' expr
   28     | expr . POWER expr
   28     | expr POWER expr .
   37 colon_expr: expr . ':' expr

    $défaut  réduction par utilisation de la règle 28 (expr)


état 65

   21 expr: expr . '+' expr
   22     | expr . '-' expr
   23     | expr . '*' expr
   24     | expr . TIMES expr
   25     | expr . '/' expr
   26     | expr . DIVIDE expr
   27     | expr . '^' expr
   28     | expr . POWER expr
   37 colon_expr: expr . ':' expr
   37           | expr ':' expr .

    TIMES   décalage et aller à l'état 40
    DIVIDE  décalage et aller à l'état 41
    POWER   décalage et aller à l'état 42
    '+'     décalage et aller à l'état 44
    '-'     décalage et aller à l'état 45
    '*'     décalage et aller à l'état 46
    '/'     décalage et aller à l'état 47
    '^'     décalage et aller à l'état 48

    $défaut  réduction par utilisation de la règle 37 (colon_expr)


état 66

   21 expr: expr . '+' expr
   21     | expr '+' expr .
   22     | expr . '-' expr
   23     | expr . '*' expr
   24     | expr . TIMES expr
   25     | expr . '/' expr
   26     | expr . DIVIDE expr
   27     | expr . '^' expr
   28     | expr . POWER expr
   37 colon_expr: expr . ':' expr

    TIMES   décalage et aller à l'état 40
    DIVIDE  décalage et aller à l'état 41
    POWER   décalage et aller à l'état 42
    '*'     décalage et aller à l'état 46
    '/'     décalage et aller à l'état 47
    '^'     décalage et aller à l'état 48

    $défaut  réduction par utilisation de la règle 21 (expr)


état 67

   21 expr: expr . '+' expr
   22     | expr . '-' expr
   22     | expr '-' expr .
   23     | expr . '*' expr
   24     | expr . TIMES expr
   25     | expr . '/' expr
   26     | expr . DIVIDE expr
   27     | expr . '^' expr
   28     | expr . POWER expr
   37 colon_expr: expr . ':' expr

    TIMES   décalage et aller à l'état 40
    DIVIDE  décalage et aller à l'état 41
    POWER   décalage et aller à l'état 42
    '*'     décalage et aller à l'état 46
    '/'     décalage et aller à l'état 47
    '^'     décalage et aller à l'état 48

    $défaut  réduction par utilisation de la règle 22 (expr)


état 68

   21 expr: expr . '+' expr
   22     | expr . '-' expr
   23     | expr . '*' expr
   23     | expr '*' expr .
   24     | expr . TIMES expr
   25     | expr . '/' expr
   26     | expr . DIVIDE expr
   27     | expr . '^' expr
   28     | expr . POWER expr
   37 colon_expr: expr . ':' expr

    POWER  décalage et aller à l'état 42
    '^'    décalage et aller à l'état 48

    $défaut  réduction par utilisation de la règle 23 (expr)


état 69

   21 expr: expr . '+' expr
   22     | expr . '-' expr
   23     | expr . '*' expr
   24     | expr . TIMES expr
   25     | expr . '/' expr
   25     | expr '/' expr .
   26     | expr . DIVIDE expr
   27     | expr . '^' expr
   28     | expr . POWER expr
   37 colon_expr: expr . ':' expr

    POWER  décalage et aller à l'état 42
    '^'    décalage et aller à l'état 48

    $défaut  réduction par utilisation de la règle 25 (expr)


état 70

   21 expr: expr . '+' expr
   22     | expr . '-' expr
   23     | expr . '*' expr
   24     | expr . TIMES expr
   25     | expr . '/' expr
   26     | expr . DIVIDE expr
   27     | expr . '^' expr
   27     | expr '^' expr .
   28     | expr . POWER expr
   37 colon_expr: expr . ':' expr

    $défaut  réduction par utilisation de la règle 27 (expr)


état 71

   21 expr: expr . '+' expr
   22     | expr . '-' expr
   23     | expr . '*' expr
   24     | expr . TIMES expr
   25     | expr . '/' expr
   26     | expr . DIVIDE expr
   27     | expr . '^' expr
   28     | expr . POWER expr
   37 colon_expr: expr . ':' expr
   38 colon_expr1: colon_expr ':' expr .

    TIMES   décalage et aller à l'état 40
    DIVIDE  décalage et aller à l'état 41
    POWER   décalage et aller à l'état 42
    '+'     décalage et aller à l'état 44
    '-'     décalage et aller à l'état 45
    '*'     décalage et aller à l'état 46
    '/'     décalage et aller à l'état 47
    '^'     décalage et aller à l'état 48

    $défaut  réduction par utilisation de la règle 38 (colon_expr1)


état 72

   44 comma_ref_list: ref_index . ',' comma_ref_list

    ','  décalage et aller à l'état 78


état 73

   42 ref_expr_list: ref_index comma_ref_list .

    $défaut  réduction par utilisation de la règle 42 (ref_expr_list)


état 74

   36 expr: ID '(' ref_expr_list ')' .

    $défaut  réduction par utilisation de la règle 36 (expr)


état 75

   51 rows: rows NEWLINE row .

    $défaut  réduction par utilisation de la règle 51 (rows)


état 76

   49 rows: rows ';' row .

    $défaut  réduction par utilisation de la règle 49 (rows)


état 77

   56 row_with_commas: row_with_commas expr ',' .

    $défaut  réduction par utilisation de la règle 56 (row_with_commas)


état 78

   44 comma_ref_list: ref_index ',' . comma_ref_list

    NBRE  décalage et aller à l'état 12
    ID    décalage et aller à l'état 31
    ':'   décalage et aller à l'état 50
    '-'   décalage et aller à l'état 14
    '('   décalage et aller à l'état 15
    '['   décalage et aller à l'état 16

    $défaut  réduction par utilisation de la règle 43 (comma_ref_list)

    expr            aller à l'état 51
    colon_expr      aller à l'état 20
    colon_expr1     aller à l'état 21
    ref_index       aller à l'état 72
    comma_ref_list  aller à l'état 79
    matrix          aller à l'état 22


état 79

   44 comma_ref_list: ref_index ',' comma_ref_list .

    $défaut  réduction par utilisation de la règle 44 (comma_ref_list)
